<?xml version="1.0" encoding="utf-8" standalone="no"?>
<!--This file represents the results of running a test suite-->
<test-results name="C:\Users\Dominik\Documents\Visual Studio 2013\Projects\ConsoleApplication1\ClassLibrary1\bin\Debug\ClassLibrary1.dll" total="1" errors="0" failures="0" not-run="0" inconclusive="0" ignored="0" skipped="0" invalid="0" date="2014-02-26" time="18:04:56">
  <environment nunit-version="2.6.3.13283" clr-version="2.0.50727.8000" os-version="Microsoft Windows NT 6.2.9200.0" platform="Win32NT" cwd="C:\Code\NUnit-2.6.3\bin" machine-name="DOMINIK" user="Dominik" user-domain="DOMINIK" />
  <culture-info current-culture="pl-PL" current-uiculture="pl-PL" />
  <test-suite type="Assembly" name="C:\Users\Dominik\Documents\Visual Studio 2013\Projects\ConsoleApplication1\ClassLibrary1\bin\Debug\ClassLibrary1.dll" executed="True" result="Success" success="True" time="2.214" asserts="0">
    <results>
      <test-suite type="Namespace" name="ClassLibrary1" executed="True" result="Success" success="True" time="2.184" asserts="0">
        <results>
          <test-suite type="TestFixture" name="Tests" executed="True" result="Success" success="True" time="2.117" asserts="0">
            <results>
              <test-case name="ClassLibrary1.Tests.TestTime" executed="True" result="Success" success="True" time="2.085" asserts="0">
                <properties>
                  <property name="MaxTime" value="2100" />
                </properties>
              </test-case>
            </results>
          </test-suite>
        </results>
      </test-suite>
    </results>
  </test-suite>
</test-results>